<?xml version="1.0" encoding="UTF-8"?>
<testsuite xmlns:xsi="http://www.w3.org/2001/XMLSchema-instance" xsi:noNamespaceSchemaLocation="https://maven.apache.org/surefire/maven-surefire-plugin/xsd/surefire-test-report-3.0.xsd" version="3.0" name="AllureApiTest" time="8.761" tests="6" errors="0" skipped="0" failures="0">
  <properties>
[...]
</properties>
  <testcase name="testPathRequest" classname="AllureApiTest" time="3.089">
    <system-out><![CDATA[HTTP/1.1 200 OK
Date: Sun, 05 Jan 2025 13:37:16 GMT
Content-Type: application/json; charset=utf-8
Content-Length: 631
Connection: keep-alive
Server: nginx
ETag: W/"277-M8fdxCZZ3wwkW/QuGevqShHAABQ"
set-cookie: sails.sid=s%3AoWRsqPrldrn7gcwa6AvdunfhRxQaZ_en.yrSRB%2B3jsws0RgwHP4NleZfbvh3sIfc5wvgQhWAProc; Path=/; HttpOnly

{
    "args": {
        
    },
    "data": "This is expected to be sent back as part of response body.",
    "files": {
        
    },
    "form": {
        
    },
    "headers": {
        "host": "postman-echo.com",
        "x-request-start": "t1736084236.966",
        "connection": "close",
        "content-length": "58",
        "x-forwarded-proto": "https",
        "x-forwarded-port": "443",
        "x-amzn-trace-id": "Root=1-677a8b0c-4f396f7b4d74494e01b17e78",
        "accept": "*/*",
        "content-type": "text/plain; charset=ISO-8859-1",
        "user-agent": "Apache-HttpClient/4.5.13 (Java/11.0.24)",
        "accept-encoding": "gzip,deflate"
    },
    "json": null,
    "url": "https://postman-echo.com/patch"
}
]]></system-out>
  </testcase>
  <testcase name="testDeleteRequest" classname="AllureApiTest" time="1.106">
    <system-out><![CDATA[HTTP/1.1 200 OK
Date: Sun, 05 Jan 2025 13:37:19 GMT
Content-Type: application/json; charset=utf-8
Content-Length: 632
Connection: keep-alive
Server: nginx
ETag: W/"278-5iTuKzxZuzB0LnaK6Fu4ORR2KMc"
set-cookie: sails.sid=s%3AdxSEwJb_vPIX8NP5e9WCVTzfbEYRGtiM.206HVSidwpN%2F5KTA9g77yQk4%2FNmfcA0S18zM7xhNd2E; Path=/; HttpOnly

{
    "args": {
        
    },
    "data": "This is expected to be sent back as part of response body.",
    "files": {
        
    },
    "form": {
        
    },
    "headers": {
        "host": "postman-echo.com",
        "x-request-start": "t1736084239.089",
        "connection": "close",
        "content-length": "58",
        "x-forwarded-proto": "https",
        "x-forwarded-port": "443",
        "x-amzn-trace-id": "Root=1-677a8b0f-05a983cc010e94ed1ccb73b2",
        "accept": "*/*",
        "content-type": "text/plain; charset=ISO-8859-1",
        "user-agent": "Apache-HttpClient/4.5.13 (Java/11.0.24)",
        "accept-encoding": "gzip,deflate"
    },
    "json": null,
    "url": "https://postman-echo.com/delete"
}
]]></system-out>
  </testcase>
  <testcase name="testPutRequest" classname="AllureApiTest" time="0.901">
    <system-out><![CDATA[HTTP/1.1 200 OK
Date: Sun, 05 Jan 2025 13:37:20 GMT
Content-Type: application/json; charset=utf-8
Content-Length: 629
Connection: keep-alive
Server: nginx
ETag: W/"275-DHdWIoUr1xkryneH6rjWw2Fa9SA"
set-cookie: sails.sid=s%3AUA_rmLpvDkZ7YlxCDG4EOWWuuzrjMcfp.KtSKSc6kxlTL96LyLIFZd4QauifzSUXkzBfWeLSzk2A; Path=/; HttpOnly

{
    "args": {
        
    },
    "data": "This is expected to be sent back as part of response body.",
    "files": {
        
    },
    "form": {
        
    },
    "headers": {
        "host": "postman-echo.com",
        "x-request-start": "t1736084240.010",
        "connection": "close",
        "content-length": "58",
        "x-forwarded-proto": "https",
        "x-forwarded-port": "443",
        "x-amzn-trace-id": "Root=1-677a8b10-4ceb611c280c2a74110dc893",
        "accept": "*/*",
        "content-type": "text/plain; charset=ISO-8859-1",
        "user-agent": "Apache-HttpClient/4.5.13 (Java/11.0.24)",
        "accept-encoding": "gzip,deflate"
    },
    "json": null,
    "url": "https://postman-echo.com/put"
}
]]></system-out>
  </testcase>
  <testcase name="testGetRequest" classname="AllureApiTest" time="1.135">
    <system-out><![CDATA[Response Headers: Date=Sun, 05 Jan 2025 13:37:20 GMT
Content-Type=application/json; charset=utf-8
Content-Length=492
Connection=keep-alive
Server=nginx
ETag=W/"1ec-hXpGQFIiV3dr0z+xttUidXWn/zQ"
set-cookie=sails.sid=s%3AsOEuT0imXQZD87BaHey_hXq9KggsN1Bx.dW%2FO0AmgMQnvJC27v6JvHxQoonjeNxE2y9v0GmnxC08; Path=/; HttpOnly
Response Status Code: 200
]]></system-out>
  </testcase>
  <testcase name="testPostRequestData" classname="AllureApiTest" time="0.851">
    <system-out><![CDATA[Request method:	POST
Request URI:	https://postman-echo.com/post
Proxy:			<none>
Request params:	<none>
Query params:	<none>
Form params:	<none>
Path params:	<none>
Headers:		X-Request-Start=t1736084234875
				X-Amzn-Trace-Id=Root=fd1e7f30-14c5-48d6-b3dc-0d5ab2e5605d
				Postman-Token=86130b73-17f6-4c63-bcc3-07ab28abd060
				Accept=*/*
				Content-Type=application/x-www-form-urlencoded; charset=UTF-8
Cookies:		<none>
Multiparts:		<none>
Body:
foo1=bar1&foo2=bar2
HTTP/1.1 200 OK
Date: Sun, 05 Jan 2025 13:37:22 GMT
Content-Type: application/json; charset=utf-8
Content-Length: 775
Connection: keep-alive
Server: nginx
ETag: W/"307-QjfWgQifidEeI5PJah7SrBz0ysE"
set-cookie: sails.sid=s%3A2_CB25VS3Ky6ArNdK2bI7V3I_npw6DnK.6%2BVLW0n0kX0eeFXKyZx89DldV0Hw%2B5R6XbUfFjtv1z8; Path=/; HttpOnly

{
    "args": {
        
    },
    "data": "",
    "files": {
        
    },
    "form": {
        "foo1": "bar1",
        "foo2": "bar2"
    },
    "headers": {
        "host": "postman-echo.com",
        "x-request-start": "t1736084242.034",
        "connection": "close",
        "content-length": "19",
        "x-forwarded-proto": "https",
        "x-forwarded-port": "443",
        "x-amzn-trace-id": "Self=1-677a8b12-2ede77647a624a707898f092;Root=fd1e7f30-14c5-48d6-b3dc-0d5ab2e5605d",
        "accept": "*/*",
        "postman-token": "86130b73-17f6-4c63-bcc3-07ab28abd060",
        "content-type": "application/x-www-form-urlencoded; charset=UTF-8",
        "user-agent": "Apache-HttpClient/4.5.13 (Java/11.0.24)",
        "accept-encoding": "gzip,deflate"
    },
    "json": {
        "foo1": "bar1",
        "foo2": "bar2"
    },
    "url": "https://postman-echo.com/post"
}
]]></system-out>
  </testcase>
  <testcase name="testPostRequestText" classname="AllureApiTest" time="0.795"/>
</testsuite>