<?xml version="1.0" encoding="UTF-8"?>
<testsuite xmlns:xsi="http://www.w3.org/2001/XMLSchema-instance" xsi:noNamespaceSchemaLocation="https://maven.apache.org/surefire/maven-surefire-plugin/xsd/surefire-test-report-3.0.xsd" version="3.0" name="ApiTest" time="6.177" tests="6" errors="0" skipped="0" failures="0">
  <properties>
[...]
</properties>
  <testcase name="testPathRequest" classname="ApiTest" time="1.013">
    <system-out><![CDATA[HTTP/1.1 200 OK
Date: Tue, 31 Dec 2024 18:55:24 GMT
Content-Type: application/json; charset=utf-8
Content-Length: 631
Connection: keep-alive
Server: nginx
ETag: W/"277-GnDgJTi6Vjg1192u1GQjI9zue6I"
set-cookie: sails.sid=s%3AE8lz95wFTEtlhxLy6omaayKU3l6O0eAs.JkIR7QV4vJUpWuk4oGFhi%2BDekX1ExwPX5cm856I4W4c; Path=/; HttpOnly

{
    "args": {
        
    },
    "data": "This is expected to be sent back as part of response body.",
    "files": {
        
    },
    "form": {
        
    },
    "headers": {
        "host": "postman-echo.com",
        "x-request-start": "t1735671324.713",
        "connection": "close",
        "content-length": "58",
        "x-forwarded-proto": "https",
        "x-forwarded-port": "443",
        "x-amzn-trace-id": "Root=1-67743e1c-551e371c51aaea16321ba737",
        "accept": "*/*",
        "content-type": "text/plain; charset=ISO-8859-1",
        "user-agent": "Apache-HttpClient/4.5.13 (Java/11.0.24)",
        "accept-encoding": "gzip,deflate"
    },
    "json": null,
    "url": "https://postman-echo.com/patch"
}
]]></system-out>
  </testcase>
  <testcase name="testDeleteRequest" classname="ApiTest" time="0.968">
    <system-out><![CDATA[HTTP/1.1 200 OK
Date: Tue, 31 Dec 2024 18:55:25 GMT
Content-Type: application/json; charset=utf-8
Content-Length: 632
Connection: keep-alive
Server: nginx
ETag: W/"278-nCTWF48rX2PHaw+frSOqbwEnVB8"
set-cookie: sails.sid=s%3Aztf0HGhcbSnMnZoOvyXOiL8mvkxu1ndf.IpCgLC5KtmjYbN%2BMpyw6OeOzAPv21PpBOqp3KLtIfo8; Path=/; HttpOnly

{
    "args": {
        
    },
    "data": "This is expected to be sent back as part of response body.",
    "files": {
        
    },
    "form": {
        
    },
    "headers": {
        "host": "postman-echo.com",
        "x-request-start": "t1735671325.737",
        "connection": "close",
        "content-length": "58",
        "x-forwarded-proto": "https",
        "x-forwarded-port": "443",
        "x-amzn-trace-id": "Root=1-67743e1d-432968f47706e97e046cbd56",
        "accept": "*/*",
        "content-type": "text/plain; charset=ISO-8859-1",
        "user-agent": "Apache-HttpClient/4.5.13 (Java/11.0.24)",
        "accept-encoding": "gzip,deflate"
    },
    "json": null,
    "url": "https://postman-echo.com/delete"
}
]]></system-out>
  </testcase>
  <testcase name="testPutRequest" classname="ApiTest" time="1.117">
    <system-out><![CDATA[HTTP/1.1 200 OK
Date: Tue, 31 Dec 2024 18:55:26 GMT
Content-Type: application/json; charset=utf-8
Content-Length: 629
Connection: keep-alive
Server: nginx
ETag: W/"275-UMiUk6j8vwBlfj5gZvo7wkt813s"
set-cookie: sails.sid=s%3AJVcgzEYYnBdlu_OUhllXI0L1qgO7AtF9.sIUCy5TGuri%2BbQrrsHegMQKogBHJB8czDwRZsmnKHEU; Path=/; HttpOnly

{
    "args": {
        
    },
    "data": "This is expected to be sent back as part of response body.",
    "files": {
        
    },
    "form": {
        
    },
    "headers": {
        "host": "postman-echo.com",
        "x-request-start": "t1735671326.760",
        "connection": "close",
        "content-length": "58",
        "x-forwarded-proto": "https",
        "x-forwarded-port": "443",
        "x-amzn-trace-id": "Root=1-67743e1e-45ca68915e14c44650f634b5",
        "accept": "*/*",
        "content-type": "text/plain; charset=ISO-8859-1",
        "user-agent": "Apache-HttpClient/4.5.13 (Java/11.0.24)",
        "accept-encoding": "gzip,deflate"
    },
    "json": null,
    "url": "https://postman-echo.com/put"
}
]]></system-out>
  </testcase>
  <testcase name="testGetRequest" classname="ApiTest" time="1.258">
    <system-out><![CDATA[Response Headers: Date=Tue, 31 Dec 2024 18:55:27 GMT
Content-Type=application/json; charset=utf-8
Content-Length=492
Connection=keep-alive
Server=nginx
ETag=W/"1ec-ZT/lMv25tZvuruNYOragj8ZSAh8"
set-cookie=sails.sid=s%3AfWm4SOJqQRQaS1Fdtld3sA37BE82WzPS.ZsVLR%2Ffnj4fJKHzp0gNrhUDEXh5efEZry2dFGDVNZUs; Path=/; HttpOnly
Response Status Code: 200
foo1: bar1
foo2: bar2
Host: postman-echo.com
x-request-start: t1735671327.886
connection: close
X-Forwarded-Proto: https
X-Forwarded-Port: 443
X-Amzn-Trace-Id: Root=1-67743e1f-28910d621cb233f55e50958f
User-Agent: Apache-HttpClient/4.5.13 (Java/11.0.24)
Accept: */*
cache-control: null
postman-token: null
accept-encoding: gzip,deflate
URL: https://postman-echo.com/get?foo1=bar1&foo2=bar2
]]></system-out>
  </testcase>
  <testcase name="testPostRequestData" classname="ApiTest" time="0.946">
    <system-out><![CDATA[Request method:	POST
Request URI:	https://postman-echo.com/post
Proxy:			<none>
Request params:	<none>
Query params:	<none>
Form params:	<none>
Path params:	<none>
Headers:		X-Request-Start=t1735671328212
				X-Amzn-Trace-Id=Root=d4c059bc-d552-4b09-b3ab-ff614500bb11
				Postman-Token=bad3cbd6-6cc4-41a0-8c8e-ba591df1eb64
				Accept=*/*
				Content-Type=application/x-www-form-urlencoded; charset=UTF-8
Cookies:		<none>
Multiparts:		<none>
Body:
foo1=bar1&foo2=bar2
HTTP/1.1 200 OK
Date: Tue, 31 Dec 2024 18:55:29 GMT
Content-Type: application/json; charset=utf-8
Content-Length: 775
Connection: keep-alive
Server: nginx
ETag: W/"307-ea01gRRWDvdUXIZGG5yYTn0cdKo"
set-cookie: sails.sid=s%3A2eUeqVdOLknGt3KI6B5VXJXtvDAOvIzk.IjtPH8eKaoKJ%2B6tmpnkpE84pRR%2FdqKhDiIaq%2FQ0%2Bt9s; Path=/; HttpOnly

{
    "args": {
        
    },
    "data": "",
    "files": {
        
    },
    "form": {
        "foo1": "bar1",
        "foo2": "bar2"
    },
    "headers": {
        "host": "postman-echo.com",
        "x-request-start": "t1735671329.018",
        "connection": "close",
        "content-length": "19",
        "x-forwarded-proto": "https",
        "x-forwarded-port": "443",
        "x-amzn-trace-id": "Self=1-67743e21-10a574b768bf9c526a19f138;Root=d4c059bc-d552-4b09-b3ab-ff614500bb11",
        "accept": "*/*",
        "postman-token": "bad3cbd6-6cc4-41a0-8c8e-ba591df1eb64",
        "content-type": "application/x-www-form-urlencoded; charset=UTF-8",
        "user-agent": "Apache-HttpClient/4.5.13 (Java/11.0.24)",
        "accept-encoding": "gzip,deflate"
    },
    "json": {
        "foo1": "bar1",
        "foo2": "bar2"
    },
    "url": "https://postman-echo.com/post"
}
]]></system-out>
  </testcase>
  <testcase name="testPostRequestText" classname="ApiTest" time="0.849">
    <system-out><![CDATA[Request method:	POST
Request URI:	https://postman-echo.com/post
Proxy:			<none>
Request params:	<none>
Query params:	<none>
Form params:	<none>
Path params:	<none>
Headers:		Host=postman-echo.com
				X-Request-Start=1735671329165
				X-Amzn-Trace-Id=Root=1-1735671329165-903542192
				Postman-Token=token-1735671329165
				Accept=*/*
				Content-Type=text/plain; charset=ISO-8859-1
Cookies:		<none>
Multiparts:		<none>
Body:
This is expected to be sent back as part of response body.
HTTP/1.1 200 OK
Date: Tue, 31 Dec 2024 18:55:29 GMT
Content-Type: application/json; charset=utf-8
Content-Length: 705
Connection: keep-alive
Server: nginx
ETag: W/"2c1-oUdFv4/9lgw6MKlJ4o6o8dwtUQs"
set-cookie: sails.sid=s%3AB1n6jG-nYDVWOo44a_x62rWBBFHefKpI.sAezdH5ziI%2BUlBwdPxQlDDY7QWM7mhPNATCQVQLVqc4; Path=/; HttpOnly

{
    "args": {
        
    },
    "data": "This is expected to be sent back as part of response body.",
    "files": {
        
    },
    "form": {
        
    },
    "headers": {
        "host": "postman-echo.com",
        "x-request-start": "t1735671329.940",
        "connection": "close",
        "content-length": "58",
        "x-forwarded-proto": "https",
        "x-forwarded-port": "443",
        "x-amzn-trace-id": "Self=1-67743e21-40cc8fe4414a6d921caea4f7;Root=1-1735671329165-903542192",
        "accept": "*/*",
        "postman-token": "token-1735671329165",
        "content-type": "text/plain; charset=ISO-8859-1",
        "user-agent": "Apache-HttpClient/4.5.13 (Java/11.0.24)",
        "accept-encoding": "gzip,deflate"
    },
    "json": null,
    "url": "https://postman-echo.com/post"
}
]]></system-out>
  </testcase>
</testsuite>