<?xml version="1.0" encoding="UTF-8"?>
<testsuite xmlns:xsi="http://www.w3.org/2001/XMLSchema-instance" xsi:noNamespaceSchemaLocation="https://maven.apache.org/surefire/maven-surefire-plugin/xsd/surefire-test-report-3.0.xsd" version="3.0" name="AllureApiTest" time="8.857" tests="6" errors="0" skipped="0" failures="0">
  <properties>
[...]
</properties>
  <testcase name="testPathRequest" classname="AllureApiTest" time="2.905">
    <system-out><![CDATA[HTTP/1.1 200 OK
Date: Tue, 31 Dec 2024 18:55:17 GMT
Content-Type: application/json; charset=utf-8
Content-Length: 631
Connection: keep-alive
Server: nginx
ETag: W/"277-lbSrHrZD/gsM0z2Jf6b9Vexgd5I"
set-cookie: sails.sid=s%3Al2fqKExVm8pwkFJQAQq-0uw8tb0Us1J7.hExoPso%2F2t2cpsiOV0H4HB%2BKj3em0qlMbSZITxsrkfQ; Path=/; HttpOnly

{
    "args": {
        
    },
    "data": "This is expected to be sent back as part of response body.",
    "files": {
        
    },
    "form": {
        
    },
    "headers": {
        "host": "postman-echo.com",
        "x-request-start": "t1735671317.590",
        "connection": "close",
        "content-length": "58",
        "x-forwarded-proto": "https",
        "x-forwarded-port": "443",
        "x-amzn-trace-id": "Root=1-67743e15-2f9df1a311a98ebf00eacf4d",
        "accept": "*/*",
        "content-type": "text/plain; charset=ISO-8859-1",
        "user-agent": "Apache-HttpClient/4.5.13 (Java/11.0.24)",
        "accept-encoding": "gzip,deflate"
    },
    "json": null,
    "url": "https://postman-echo.com/patch"
}
]]></system-out>
  </testcase>
  <testcase name="testDeleteRequest" classname="AllureApiTest" time="1.068">
    <system-out><![CDATA[HTTP/1.1 200 OK
Date: Tue, 31 Dec 2024 18:55:19 GMT
Content-Type: application/json; charset=utf-8
Content-Length: 632
Connection: keep-alive
Server: nginx
ETag: W/"278-RB0ianHNqtFZqFFLBeFTcyaj2Bo"
set-cookie: sails.sid=s%3AavhhF_fUVrPNOdAxvvtG1JWXHJLX_TMs.lequdsDS06q5yfGffzlVGaU09tGjoRaKnHK%2F9CD19R8; Path=/; HttpOnly

{
    "args": {
        
    },
    "data": "This is expected to be sent back as part of response body.",
    "files": {
        
    },
    "form": {
        
    },
    "headers": {
        "host": "postman-echo.com",
        "x-request-start": "t1735671319.589",
        "connection": "close",
        "content-length": "58",
        "x-forwarded-proto": "https",
        "x-forwarded-port": "443",
        "x-amzn-trace-id": "Root=1-67743e17-4cb0985c214d0c071a2f8731",
        "accept": "*/*",
        "content-type": "text/plain; charset=ISO-8859-1",
        "user-agent": "Apache-HttpClient/4.5.13 (Java/11.0.24)",
        "accept-encoding": "gzip,deflate"
    },
    "json": null,
    "url": "https://postman-echo.com/delete"
}
]]></system-out>
  </testcase>
  <testcase name="testPutRequest" classname="AllureApiTest" time="0.989">
    <system-out><![CDATA[HTTP/1.1 200 OK
Date: Tue, 31 Dec 2024 18:55:20 GMT
Content-Type: application/json; charset=utf-8
Content-Length: 629
Connection: keep-alive
Server: nginx
ETag: W/"275-rxyhZ9gQ6bYQgG7eRD59r8tgDJ8"
set-cookie: sails.sid=s%3AdB_hctcZnaZjdb05ORmLSe-X4y9ChUE2.h8iQSgvlTP0Q7UrU7LfmuHDvW9HN4Jwwt55bTeAwmHo; Path=/; HttpOnly

{
    "args": {
        
    },
    "data": "This is expected to be sent back as part of response body.",
    "files": {
        
    },
    "form": {
        
    },
    "headers": {
        "host": "postman-echo.com",
        "x-request-start": "t1735671320.620",
        "connection": "close",
        "content-length": "58",
        "x-forwarded-proto": "https",
        "x-forwarded-port": "443",
        "x-amzn-trace-id": "Root=1-67743e18-200128c037a51c2d619ec035",
        "accept": "*/*",
        "content-type": "text/plain; charset=ISO-8859-1",
        "user-agent": "Apache-HttpClient/4.5.13 (Java/11.0.24)",
        "accept-encoding": "gzip,deflate"
    },
    "json": null,
    "url": "https://postman-echo.com/put"
}
]]></system-out>
  </testcase>
  <testcase name="testGetRequest" classname="AllureApiTest" time="1.142">
    <system-out><![CDATA[GET Request to: /get?foo1=bar1&foo2=bar2
Response Headers: Date=Tue, 31 Dec 2024 18:55:21 GMT
Content-Type=application/json; charset=utf-8
Content-Length=492
Connection=keep-alive
Server=nginx
ETag=W/"1ec-/GTW904b3hoJsPprVutoC2ddwAo"
set-cookie=sails.sid=s%3ARpwl0I5UkByK2p3M0skNiZXF73fE5I2u.3s%2B9lN8DXdqc%2F0ug%2FodlfOIyCfCRQm0%2B%2FWgRFso943I; Path=/; HttpOnly
Response Status Code: 200
Checking response for key: args.foo1 with value: bar1
Checking response for key: args.foo2 with value: bar2
Checking response for key: headers.host with value: postman-echo.com
Checking response for key: headers.x-request-start with value: t1735671321.673
Checking response for key: headers.connection with value: close
Checking response for key: headers.x-forwarded-proto with value: https
]]></system-out>
  </testcase>
  <testcase name="testPostRequestData" classname="AllureApiTest" time="0.899">
    <system-out><![CDATA[Request method:	POST
Request URI:	https://postman-echo.com/post
Proxy:			<none>
Request params:	<none>
Query params:	<none>
Form params:	<none>
Path params:	<none>
Headers:		X-Request-Start=t1735671321916
				X-Amzn-Trace-Id=Root=0deddee4-f6ce-4d1b-b960-a5832c73f722
				Postman-Token=f49fe62b-5747-46d3-8345-88c30df9fcb1
				Accept=*/*
				Content-Type=application/x-www-form-urlencoded; charset=UTF-8
Cookies:		<none>
Multiparts:		<none>
Body:
foo1=bar1&foo2=bar2
HTTP/1.1 200 OK
Date: Tue, 31 Dec 2024 18:55:22 GMT
Content-Type: application/json; charset=utf-8
Content-Length: 775
Connection: keep-alive
Server: nginx
ETag: W/"307-crTVJa3ti3jBNmpNyU/OBmdZSGI"
set-cookie: sails.sid=s%3A6MBfBgjv2o6xxM6fpDuCQXojV5w427Fp.Kf1WYVYPTf4aHppxYgV40oacwNI904o50OYSXVSCvh0; Path=/; HttpOnly

{
    "args": {
        
    },
    "data": "",
    "files": {
        
    },
    "form": {
        "foo1": "bar1",
        "foo2": "bar2"
    },
    "headers": {
        "host": "postman-echo.com",
        "x-request-start": "t1735671322.663",
        "connection": "close",
        "content-length": "19",
        "x-forwarded-proto": "https",
        "x-forwarded-port": "443",
        "x-amzn-trace-id": "Self=1-67743e1a-39d9d8f46a86f34955b5f74a;Root=0deddee4-f6ce-4d1b-b960-a5832c73f722",
        "accept": "*/*",
        "postman-token": "f49fe62b-5747-46d3-8345-88c30df9fcb1",
        "content-type": "application/x-www-form-urlencoded; charset=UTF-8",
        "user-agent": "Apache-HttpClient/4.5.13 (Java/11.0.24)",
        "accept-encoding": "gzip,deflate"
    },
    "json": {
        "foo1": "bar1",
        "foo2": "bar2"
    },
    "url": "https://postman-echo.com/post"
}
]]></system-out>
  </testcase>
  <testcase name="testPostRequestText" classname="AllureApiTest" time="1.005">
    <system-out><![CDATA[Request method:	POST
Request URI:	https://postman-echo.com/post
Proxy:			<none>
Request params:	<none>
Query params:	<none>
Form params:	<none>
Path params:	<none>
Headers:		Host=postman-echo.com
				X-Request-Start=1735671322822
				X-Amzn-Trace-Id=Root=1-1735671322823-244234943
				Postman-Token=token-1735671322845
				Accept=*/*
				Content-Type=text/plain; charset=ISO-8859-1
Cookies:		<none>
Multiparts:		<none>
Body:
This is expected to be sent back as part of response body.
HTTP/1.1 200 OK
Date: Tue, 31 Dec 2024 18:55:23 GMT
Content-Type: application/json; charset=utf-8
Content-Length: 705
Connection: keep-alive
Server: nginx
ETag: W/"2c1-laPqEuP61zEL4Zt4M6XUjyCp1Wc"
set-cookie: sails.sid=s%3AC0ZF7VUssESd3AQaq9sEki5aBAngUPlm.uwBuSRkfftHblKow4DdZmJINU3LMM86CTGeh4pGACIM; Path=/; HttpOnly

{
    "args": {
        
    },
    "data": "This is expected to be sent back as part of response body.",
    "files": {
        
    },
    "form": {
        
    },
    "headers": {
        "host": "postman-echo.com",
        "x-request-start": "t1735671323.686",
        "connection": "close",
        "content-length": "58",
        "x-forwarded-proto": "https",
        "x-forwarded-port": "443",
        "x-amzn-trace-id": "Self=1-67743e1b-0451b71e66a752df30d56d6b;Root=1-1735671322823-244234943",
        "accept": "*/*",
        "postman-token": "token-1735671322845",
        "content-type": "text/plain; charset=ISO-8859-1",
        "user-agent": "Apache-HttpClient/4.5.13 (Java/11.0.24)",
        "accept-encoding": "gzip,deflate"
    },
    "json": null,
    "url": "https://postman-echo.com/post"
}
]]></system-out>
  </testcase>
</testsuite>