<?xml version="1.0" encoding="UTF-8"?>
<testsuite xmlns:xsi="http://www.w3.org/2001/XMLSchema-instance" xsi:noNamespaceSchemaLocation="https://maven.apache.org/surefire/maven-surefire-plugin/xsd/surefire-test-report-3.0.xsd" version="3.0" name="MtsByTest" time="63.312" tests="4" errors="0" skipped="0" failures="0">
  <properties>
[...]
</properties>
  <testcase name="testContinueButtonFunctionality" classname="MtsByTest" time="11.499">
    <system-err><![CDATA[[main] INFO io.github.bonigarcia.wdm.WebDriverManager - Using chromedriver 131.0.6778.204 (resolved driver for Chrome 131)
[main] INFO io.github.bonigarcia.wdm.WebDriverManager - Exporting webdriver.chrome.driver as C:\Users\playd\.cache\selenium\chromedriver\win64\131.0.6778.204\chromedriver.exe
]]></system-err>
  </testcase>
  <testcase name="testMoreInfoLinkFunctionality" classname="MtsByTest" time="44.052">
    <system-err><![CDATA[[main] INFO io.github.bonigarcia.wdm.WebDriverManager - Using chromedriver 131.0.6778.204 (resolved driver for Chrome 131)
[main] INFO io.github.bonigarcia.wdm.WebDriverManager - Exporting webdriver.chrome.driver as C:\Users\playd\.cache\selenium\chromedriver\win64\131.0.6778.204\chromedriver.exe
]]></system-err>
  </testcase>
  <testcase name="testOnlineReplenishmentBlockTitle" classname="MtsByTest" time="3.986">
    <system-err><![CDATA[[main] INFO io.github.bonigarcia.wdm.WebDriverManager - Using chromedriver 131.0.6778.204 (resolved driver for Chrome 131)
[main] INFO io.github.bonigarcia.wdm.WebDriverManager - Exporting webdriver.chrome.driver as C:\Users\playd\.cache\selenium\chromedriver\win64\131.0.6778.204\chromedriver.exe
]]></system-err>
  </testcase>
  <testcase name="testPaymentLogosPresence" classname="MtsByTest" time="3.748">
    <system-err><![CDATA[[main] INFO io.github.bonigarcia.wdm.WebDriverManager - Using chromedriver 131.0.6778.204 (resolved driver for Chrome 131)
[main] INFO io.github.bonigarcia.wdm.WebDriverManager - Exporting webdriver.chrome.driver as C:\Users\playd\.cache\selenium\chromedriver\win64\131.0.6778.204\chromedriver.exe
]]></system-err>
  </testcase>
</testsuite>